<?xml version="1.0" encoding="UTF-8"?>
<!-- Generated by org.testng.reporters.JUnitReportReporter -->
<testsuite hostname="LAPTOP-K6JBIRD9" failures="0" tests="1" name="assignment.ExtentReportDWS" time="8.230" errors="0" timestamp="2025-06-23T14:17:21 IST" skipped="0">
  <testcase classname="assignment.ExtentReportDWS" name="loginScreenshot" time="8.230"/>
</testsuite> <!-- assignment.ExtentReportDWS -->
