<?xml version="1.0" encoding="UTF-8"?>
<!-- Generated by org.testng.reporters.JUnitReportReporter -->
<testsuite hostname="LAPTOP-K6JBIRD9" failures="0" tests="1" name="extentreports.ReportCreation" time="0.527" errors="0" timestamp="2025-06-23T13:27:21 IST" skipped="0">
  <testcase classname="extentreports.ReportCreation" name="createAccount" time="0.527"/>
</testsuite> <!-- extentreports.ReportCreation -->
