<?xml version="1.0" encoding="UTF-8"?>
<!-- Generated by org.testng.reporters.JUnitReportReporter -->
<testsuite hostname="LAPTOP-K6JBIRD9" failures="0" tests="1" name="demo2.LaunchingDemo2Test" time="1.986" errors="0" timestamp="2025-07-01T19:44:27 IST" skipped="0">
  <testcase classname="demo2.LaunchingDemo2Test" name="launch" time="1.986"/>
</testsuite> <!-- demo2.LaunchingDemo2Test -->
