<?xml version="1.0" encoding="UTF-8"?>
<!-- Generated by org.testng.reporters.JUnitReportReporter -->
<testsuite hostname="LAPTOP-K6JBIRD9" failures="0" tests="1" name="extentreports.AddScreenshotIntoReport" time="5.733" errors="0" timestamp="2025-06-30T20:26:46 IST" skipped="0">
  <testcase classname="extentreports.AddScreenshotIntoReport" name="addScreenshot" time="5.733"/>
</testsuite> <!-- extentreports.AddScreenshotIntoReport -->
